<?xml version="1.0" encoding="UTF-8"?>
<!-- Generated by org.testng.reporters.JUnitReportReporter -->
<testsuite hostname="DESKTOP-LMJOOMP" failures="0" tests="1" name="implementation.Add_NewUser" time="22.389" errors="0" timestamp="2024-01-25T15:38:21 IST" skipped="0">
  <testcase classname="implementation.Add_NewUser" name="add_NewUser" time="22.389"/>
</testsuite> <!-- implementation.Add_NewUser -->
