<?xml version="1.0" encoding="UTF-8"?>
<!-- Generated by org.testng.reporters.JUnitReportReporter -->
<testsuite hostname="DESKTOP-LMJOOMP" failures="0" tests="1" name="implementation.Update_User" time="6.216" errors="0" timestamp="2024-01-30T18:14:26 IST" skipped="0">
  <testcase classname="implementation.Update_User" name="update_UserDetails" time="6.216"/>
</testsuite> <!-- implementation.Update_User -->
